<?xml version="1.0" encoding="UTF-8"?>
<testng-results ignored="0" total="1" passed="1" failed="0" skipped="0">
  <reporter-output>
  </reporter-output>
  <suite started-at="2025-03-30T18:57:10 IST" name="Suite" finished-at="2025-03-30T18:57:15 IST" duration-ms="5556">
    <groups>
    </groups>
    <test started-at="2025-03-30T18:57:10 IST" name="Test" finished-at="2025-03-30T18:57:15 IST" duration-ms="5556">
      <class name="Launchcode.Driversetup">
        <test-method signature="driverstart(java.lang.String,java.lang.String)[pri:0, instance:Launchcode.Driversetup@6ad82709]" started-at="2025-03-30T18:57:10 IST" name="driverstart" finished-at="2025-03-30T18:57:15 IST" duration-ms="5477" status="PASS">
          <params>
            <param index="0">
              <value>
                <![CDATA[https://parabank.parasoft.com/parabank/index.htm]]>
              </value>
            </param>
            <param index="1">
              <value>
                <![CDATA[Chrome]]>
              </value>
            </param>
          </params>
          <reporter-output>
          </reporter-output>
        </test-method> <!-- driverstart -->
      </class> <!-- Launchcode.Driversetup -->
    </test> <!-- Test -->
  </suite> <!-- Suite -->
</testng-results>
