<?xml version="1.0" encoding="UTF-8"?>
<testng-results ignored="0" total="1" passed="1" failed="0" skipped="0">
  <reporter-output>
  </reporter-output>
  <suite started-at="2025-04-06T21:58:31 IST" name="Suite" finished-at="2025-04-06T21:58:38 IST" duration-ms="6825">
    <groups>
    </groups>
    <test started-at="2025-04-06T21:58:31 IST" name="Test" finished-at="2025-04-06T21:58:38 IST" duration-ms="6825">
      <class name="Pages.Register">
        <test-method is-config="true" signature="driverstart(java.lang.String,java.lang.String)[pri:0, instance:Pages.Register@37883b97]" started-at="2025-04-06T21:58:31 IST" name="driverstart" finished-at="2025-04-06T21:58:37 IST" duration-ms="6023" status="PASS">
          <params>
            <param index="0">
              <value>
                <![CDATA[https://parabank.parasoft.com/parabank/index.htm]]>
              </value>
            </param>
            <param index="1">
              <value>
                <![CDATA[Chrome]]>
              </value>
            </param>
          </params>
          <reporter-output>
          </reporter-output>
        </test-method> <!-- driverstart -->
        <test-method signature="register()[pri:0, instance:Pages.Register@37883b97]" started-at="2025-04-06T21:58:37 IST" name="register" finished-at="2025-04-06T21:58:38 IST" duration-ms="741" status="PASS">
          <reporter-output>
          </reporter-output>
        </test-method> <!-- register -->
      </class> <!-- Pages.Register -->
    </test> <!-- Test -->
  </suite> <!-- Suite -->
</testng-results>
