<?xml version="1.0" encoding="UTF-8"?>
<!-- Generated by org.testng.reporters.JUnitReportReporter -->
<testsuite hostname="Aakash" failures="0" tests="3" name="Runner.RunCucumberTestNG" time="30.530" errors="0" timestamp="2025-09-25T19:01:35 IST" skipped="0">
  <testcase classname="Runner.RunCucumberTestNG" name="runScenario" time="10.075"/>
  <testcase classname="Runner.RunCucumberTestNG" name="runScenario" time="10.006"/>
  <testcase classname="Runner.RunCucumberTestNG" name="runScenario" time="10.449"/>
</testsuite> <!-- Runner.RunCucumberTestNG -->
