<?xml version="1.0" encoding="UTF-8"?>
<!-- Generated by org.testng.reporters.JUnitReportReporter -->
<testsuite hostname="Aakash" failures="0" tests="3" name="Runner.RunCucumberTestNG" time="19.232" errors="0" timestamp="2025-09-22T18:06:33 IST" skipped="0">
  <testcase classname="Runner.RunCucumberTestNG" name="runScenario" time="6.380"/>
  <testcase classname="Runner.RunCucumberTestNG" name="runScenario" time="6.426"/>
  <testcase classname="Runner.RunCucumberTestNG" name="runScenario" time="6.426"/>
</testsuite> <!-- Runner.RunCucumberTestNG -->
